*** Using Compiler 'V5.06 update 7 (build 960)', folder: 'D:\WorkPlatform\KeilFile\ARM\ARMCC\Bin'
Build target 'test'
compiling stm32g4xx_ll_adc.c...
assembling startup_stm32g431xx.s...
compiling adc.c...
compiling stm32g4xx_it.c...
compiling gpio.c...
compiling rtc.c...
compiling usart.c...
compiling stm32g4xx_hal_flash.c...
compiling stm32g4xx_hal_msp.c...
compiling stm32g4xx_hal.c...
compiling main.c...
compiling stm32g4xx_hal_flash_ex.c...
compiling tim.c...
compiling stm32g4xx_hal_adc.c...
compiling stm32g4xx_hal_adc_ex.c...
compiling stm32g4xx_hal_rcc.c...
compiling stm32g4xx_hal_rcc_ex.c...
compiling PWM.c...
compiling LED.c...
compiling Key.c...
compiling i2c - hal.c...
compiling interrupt.c...
compiling badc.c...
compiling lcd.c...
linking...
Program Size: Code=27616 RO-data=5128 RW-data=144 ZI-data=1888  
FromELF: creating hex file...
"test\test.axf" - 0 Error(s), 0 Warning(s).
Build Time Elapsed:  00:00:10
